2021-12-08 13:48:21,280 [main] (Redbox.java:94) INFO  edu.skidmore.cs226.lab11indiv.Redbox  - adding a movie
2021-12-08 13:48:21,283 [main] (Movie.java:102) INFO  edu.skidmore.cs226.lab11indiv.Movie  - Movie constructor
2021-12-08 13:48:21,283 [main] (Redbox.java:96) INFO  edu.skidmore.cs226.lab11indiv.Redbox  - Adding attributed to movie
2021-12-08 13:48:21,284 [main] (Redbox.java:102) INFO  edu.skidmore.cs226.lab11indiv.Redbox  - Adding movie to the array
2021-12-08 13:48:21,285 [main] (Redbox.java:94) INFO  edu.skidmore.cs226.lab11indiv.Redbox  - adding a movie
2021-12-08 13:48:21,285 [main] (Movie.java:102) INFO  edu.skidmore.cs226.lab11indiv.Movie  - Movie constructor
2021-12-08 13:48:21,285 [main] (Redbox.java:96) INFO  edu.skidmore.cs226.lab11indiv.Redbox  - Adding attributed to movie
2021-12-08 13:48:21,285 [main] (Redbox.java:102) INFO  edu.skidmore.cs226.lab11indiv.Redbox  - Adding movie to the array
2021-12-08 13:48:21,285 [main] (Redbox.java:94) INFO  edu.skidmore.cs226.lab11indiv.Redbox  - adding a movie
2021-12-08 13:48:21,285 [main] (Movie.java:102) INFO  edu.skidmore.cs226.lab11indiv.Movie  - Movie constructor
2021-12-08 13:48:21,285 [main] (Redbox.java:96) INFO  edu.skidmore.cs226.lab11indiv.Redbox  - Adding attributed to movie
2021-12-08 13:48:21,285 [main] (Redbox.java:102) INFO  edu.skidmore.cs226.lab11indiv.Redbox  - Adding movie to the array
2021-12-08 13:48:21,286 [main] (Redbox.java:94) INFO  edu.skidmore.cs226.lab11indiv.Redbox  - adding a movie
2021-12-08 13:48:21,286 [main] (Movie.java:102) INFO  edu.skidmore.cs226.lab11indiv.Movie  - Movie constructor
2021-12-08 13:48:21,286 [main] (Redbox.java:96) INFO  edu.skidmore.cs226.lab11indiv.Redbox  - Adding attributed to movie
2021-12-08 13:48:21,286 [main] (Redbox.java:102) INFO  edu.skidmore.cs226.lab11indiv.Redbox  - Adding movie to the array
2021-12-08 13:48:21,289 [main] (Redbox.java:94) INFO  edu.skidmore.cs226.lab11indiv.Redbox  - adding a movie
2021-12-08 13:48:21,289 [main] (Movie.java:102) INFO  edu.skidmore.cs226.lab11indiv.Movie  - Movie constructor
2021-12-08 13:48:21,289 [main] (Redbox.java:96) INFO  edu.skidmore.cs226.lab11indiv.Redbox  - Adding attributed to movie
2021-12-08 13:48:21,289 [main] (Redbox.java:102) INFO  edu.skidmore.cs226.lab11indiv.Redbox  - Adding movie to the array
2021-12-08 13:48:21,289 [main] (Redbox.java:94) INFO  edu.skidmore.cs226.lab11indiv.Redbox  - adding a movie
2021-12-08 13:48:21,289 [main] (Movie.java:102) INFO  edu.skidmore.cs226.lab11indiv.Movie  - Movie constructor
2021-12-08 13:48:21,289 [main] (Redbox.java:96) INFO  edu.skidmore.cs226.lab11indiv.Redbox  - Adding attributed to movie
2021-12-08 13:48:21,289 [main] (Redbox.java:102) INFO  edu.skidmore.cs226.lab11indiv.Redbox  - Adding movie to the array
2021-12-08 13:48:21,289 [main] (Redbox.java:94) INFO  edu.skidmore.cs226.lab11indiv.Redbox  - adding a movie
2021-12-08 13:48:21,289 [main] (Movie.java:102) INFO  edu.skidmore.cs226.lab11indiv.Movie  - Movie constructor
2021-12-08 13:48:21,289 [main] (Redbox.java:96) INFO  edu.skidmore.cs226.lab11indiv.Redbox  - Adding attributed to movie
2021-12-08 13:48:21,289 [main] (Redbox.java:102) INFO  edu.skidmore.cs226.lab11indiv.Redbox  - Adding movie to the array
2021-12-08 13:48:21,290 [main] (Redbox.java:94) INFO  edu.skidmore.cs226.lab11indiv.Redbox  - adding a movie
2021-12-08 13:48:21,290 [main] (Movie.java:102) INFO  edu.skidmore.cs226.lab11indiv.Movie  - Movie constructor
2021-12-08 13:48:21,290 [main] (Redbox.java:96) INFO  edu.skidmore.cs226.lab11indiv.Redbox  - Adding attributed to movie
2021-12-08 13:48:21,290 [main] (Redbox.java:102) INFO  edu.skidmore.cs226.lab11indiv.Redbox  - Adding movie to the array
2021-12-08 13:48:21,290 [main] (Redbox.java:94) INFO  edu.skidmore.cs226.lab11indiv.Redbox  - adding a movie
2021-12-08 13:48:21,290 [main] (Movie.java:102) INFO  edu.skidmore.cs226.lab11indiv.Movie  - Movie constructor
2021-12-08 13:48:21,290 [main] (Redbox.java:96) INFO  edu.skidmore.cs226.lab11indiv.Redbox  - Adding attributed to movie
2021-12-08 13:48:21,290 [main] (Redbox.java:102) INFO  edu.skidmore.cs226.lab11indiv.Redbox  - Adding movie to the array
2021-12-08 13:48:21,290 [main] (Redbox.java:94) INFO  edu.skidmore.cs226.lab11indiv.Redbox  - adding a movie
2021-12-08 13:48:21,290 [main] (Movie.java:102) INFO  edu.skidmore.cs226.lab11indiv.Movie  - Movie constructor
2021-12-08 13:48:21,291 [main] (Redbox.java:96) INFO  edu.skidmore.cs226.lab11indiv.Redbox  - Adding attributed to movie
2021-12-08 13:48:21,291 [main] (Redbox.java:102) INFO  edu.skidmore.cs226.lab11indiv.Redbox  - Adding movie to the array
2021-12-08 13:48:21,291 [main] (Redbox.java:184) INFO  edu.skidmore.cs226.lab11indiv.Redbox  - Showing list of options
2021-12-08 13:48:21,291 [main] (Redbox.java:159) INFO  edu.skidmore.cs226.lab11indiv.Redbox  - getting user menu choice
2021-12-08 13:48:23,591 [main] (Redbox.java:297) INFO  edu.skidmore.cs226.lab11indiv.Redbox  - Showing list of movies
2021-12-08 13:48:23,592 [main] (Movie.java:161) INFO  edu.skidmore.cs226.lab11indiv.Movie  - returning the information about the movie
2021-12-08 13:48:23,592 [main] (Redbox.java:174) INFO  edu.skidmore.cs226.lab11indiv.Redbox  - returning movie Film title: Pirates, Director:   John D, Running Time:   65 minutes, Year of Release:   May, Due Date:   September 10
2021-12-08 13:48:23,593 [main] (Movie.java:161) INFO  edu.skidmore.cs226.lab11indiv.Movie  - returning the information about the movie
2021-12-08 13:48:23,593 [main] (Movie.java:161) INFO  edu.skidmore.cs226.lab11indiv.Movie  - returning the information about the movie
2021-12-08 13:48:23,596 [main] (Redbox.java:174) INFO  edu.skidmore.cs226.lab11indiv.Redbox  - returning movie Film title: Pirates Returned, Director:   John D, Running Time:   68 minutes, Year of Release:   March, Due Date:   September 10
2021-12-08 13:48:23,599 [main] (Movie.java:161) INFO  edu.skidmore.cs226.lab11indiv.Movie  - returning the information about the movie
2021-12-08 13:48:23,599 [main] (Movie.java:161) INFO  edu.skidmore.cs226.lab11indiv.Movie  - returning the information about the movie
2021-12-08 13:48:23,599 [main] (Redbox.java:174) INFO  edu.skidmore.cs226.lab11indiv.Redbox  - returning movie Film title: Medieval Times, Director:   Bran S, Running Time:   34 minutes, Year of Release:   July, Due Date:   April 24
2021-12-08 13:48:23,599 [main] (Movie.java:161) INFO  edu.skidmore.cs226.lab11indiv.Movie  - returning the information about the movie
2021-12-08 13:48:23,600 [main] (Movie.java:161) INFO  edu.skidmore.cs226.lab11indiv.Movie  - returning the information about the movie
2021-12-08 13:48:23,600 [main] (Redbox.java:174) INFO  edu.skidmore.cs226.lab11indiv.Redbox  - returning movie Film title: Star Wars One, Director:   George L, Running Time:   240 minutes, Year of Release:  November, Due Date:   September 10
2021-12-08 13:48:23,600 [main] (Movie.java:161) INFO  edu.skidmore.cs226.lab11indiv.Movie  - returning the information about the movie
2021-12-08 13:48:23,600 [main] (Movie.java:161) INFO  edu.skidmore.cs226.lab11indiv.Movie  - returning the information about the movie
2021-12-08 13:48:23,600 [main] (Redbox.java:174) INFO  edu.skidmore.cs226.lab11indiv.Redbox  - returning movie Film title: Star Wars Two, Director:   George L, Running Time:   230 minutes, Year of Release:   February, Due Date:   September 10
2021-12-08 13:48:23,600 [main] (Movie.java:161) INFO  edu.skidmore.cs226.lab11indiv.Movie  - returning the information about the movie
2021-12-08 13:48:23,603 [main] (Movie.java:161) INFO  edu.skidmore.cs226.lab11indiv.Movie  - returning the information about the movie
2021-12-08 13:48:23,603 [main] (Redbox.java:174) INFO  edu.skidmore.cs226.lab11indiv.Redbox  - returning movie Film title: Wall-E, Director:   Brad P, Running Time:   200 minutes, Year of Release:   January, Due Date:  August
2021-12-08 13:48:23,603 [main] (Movie.java:161) INFO  edu.skidmore.cs226.lab11indiv.Movie  - returning the information about the movie
2021-12-08 13:48:23,603 [main] (Movie.java:161) INFO  edu.skidmore.cs226.lab11indiv.Movie  - returning the information about the movie
2021-12-08 13:48:23,603 [main] (Redbox.java:174) INFO  edu.skidmore.cs226.lab11indiv.Redbox  - returning movie Film title: Space Fighter, Director:   Grace W, Running Time:   76 minutes, Year of Release:   April, Due Date:   August 5
2021-12-08 13:48:23,603 [main] (Movie.java:161) INFO  edu.skidmore.cs226.lab11indiv.Movie  - returning the information about the movie
2021-12-08 13:48:23,604 [main] (Movie.java:161) INFO  edu.skidmore.cs226.lab11indiv.Movie  - returning the information about the movie
2021-12-08 13:48:23,604 [main] (Redbox.java:174) INFO  edu.skidmore.cs226.lab11indiv.Redbox  - returning movie Film title: Air Force One, Director:   Jone J, Running Time:   90 minutes, Year of Release:   September, Due Date:   June 30
2021-12-08 13:48:23,604 [main] (Movie.java:161) INFO  edu.skidmore.cs226.lab11indiv.Movie  - returning the information about the movie
2021-12-08 13:48:23,604 [main] (Movie.java:161) INFO  edu.skidmore.cs226.lab11indiv.Movie  - returning the information about the movie
2021-12-08 13:48:23,604 [main] (Redbox.java:174) INFO  edu.skidmore.cs226.lab11indiv.Redbox  - returning movie Film title: Observer, Director:   Jenny P, Running Time:   100 minutes, Year of Release:   October, Due Date:   April 20
2021-12-08 13:48:23,606 [main] (Movie.java:161) INFO  edu.skidmore.cs226.lab11indiv.Movie  - returning the information about the movie
2021-12-08 13:48:23,608 [main] (Movie.java:161) INFO  edu.skidmore.cs226.lab11indiv.Movie  - returning the information about the movie
2021-12-08 13:48:23,608 [main] (Redbox.java:174) INFO  edu.skidmore.cs226.lab11indiv.Redbox  - returning movie Film title: Movie Maker, Director:   Claire R, Running Time:   154 minutes, Year of Release:   December, Due Date:   March 13
2021-12-08 13:48:23,608 [main] (Movie.java:161) INFO  edu.skidmore.cs226.lab11indiv.Movie  - returning the information about the movie
2021-12-08 13:48:23,608 [main] (Redbox.java:184) INFO  edu.skidmore.cs226.lab11indiv.Redbox  - Showing list of options
2021-12-08 13:48:23,609 [main] (Redbox.java:159) INFO  edu.skidmore.cs226.lab11indiv.Redbox  - getting user menu choice
2021-12-08 13:48:30,352 [main] (Redbox.java:319) INFO  edu.skidmore.cs226.lab11indiv.Redbox  - Exiting program
2021-12-08 18:37:50,960 [main] (Redbox.java:68) INFO  edu.skidmore.cs226.lab11indiv.Redbox  - trying to close the reader
2021-12-08 18:37:50,965 [main] (Redbox.java:76) INFO  edu.skidmore.cs226.lab11indiv.Redbox  - movies.txt has 11 lines
2021-12-08 18:37:50,965 [main] (Redbox.java:90) INFO  edu.skidmore.cs226.lab11indiv.Redbox  - creating the line number reader
2021-12-08 18:37:50,965 [main] (Redbox.java:92) INFO  edu.skidmore.cs226.lab11indiv.Redbox  - Reading the line numbers
2021-12-08 18:37:50,967 [main] (Redbox.java:97) INFO  edu.skidmore.cs226.lab11indiv.Redbox  - adding a movie
2021-12-08 18:37:50,967 [main] (Movie.java:102) INFO  edu.skidmore.cs226.lab11indiv.Movie  - Movie constructor
2021-12-08 18:37:50,967 [main] (Redbox.java:99) INFO  edu.skidmore.cs226.lab11indiv.Redbox  - Adding attributed to movie
2021-12-08 18:37:50,968 [main] (Redbox.java:105) INFO  edu.skidmore.cs226.lab11indiv.Redbox  - Adding movie to the array
2021-12-08 18:37:50,968 [main] (Redbox.java:97) INFO  edu.skidmore.cs226.lab11indiv.Redbox  - adding a movie
2021-12-08 18:37:50,968 [main] (Movie.java:102) INFO  edu.skidmore.cs226.lab11indiv.Movie  - Movie constructor
2021-12-08 18:37:50,968 [main] (Redbox.java:99) INFO  edu.skidmore.cs226.lab11indiv.Redbox  - Adding attributed to movie
2021-12-08 18:37:50,968 [main] (Redbox.java:105) INFO  edu.skidmore.cs226.lab11indiv.Redbox  - Adding movie to the array
2021-12-08 18:37:50,968 [main] (Redbox.java:97) INFO  edu.skidmore.cs226.lab11indiv.Redbox  - adding a movie
2021-12-08 18:37:50,968 [main] (Movie.java:102) INFO  edu.skidmore.cs226.lab11indiv.Movie  - Movie constructor
2021-12-08 18:37:50,969 [main] (Redbox.java:99) INFO  edu.skidmore.cs226.lab11indiv.Redbox  - Adding attributed to movie
2021-12-08 18:37:50,969 [main] (Redbox.java:105) INFO  edu.skidmore.cs226.lab11indiv.Redbox  - Adding movie to the array
2021-12-08 18:37:50,970 [main] (Redbox.java:97) INFO  edu.skidmore.cs226.lab11indiv.Redbox  - adding a movie
2021-12-08 18:37:50,970 [main] (Movie.java:102) INFO  edu.skidmore.cs226.lab11indiv.Movie  - Movie constructor
2021-12-08 18:37:50,971 [main] (Redbox.java:99) INFO  edu.skidmore.cs226.lab11indiv.Redbox  - Adding attributed to movie
2021-12-08 18:37:50,971 [main] (Redbox.java:105) INFO  edu.skidmore.cs226.lab11indiv.Redbox  - Adding movie to the array
2021-12-08 18:37:50,971 [main] (Redbox.java:97) INFO  edu.skidmore.cs226.lab11indiv.Redbox  - adding a movie
2021-12-08 18:37:50,971 [main] (Movie.java:102) INFO  edu.skidmore.cs226.lab11indiv.Movie  - Movie constructor
2021-12-08 18:37:50,971 [main] (Redbox.java:99) INFO  edu.skidmore.cs226.lab11indiv.Redbox  - Adding attributed to movie
2021-12-08 18:37:50,971 [main] (Redbox.java:105) INFO  edu.skidmore.cs226.lab11indiv.Redbox  - Adding movie to the array
2021-12-08 18:37:50,971 [main] (Redbox.java:97) INFO  edu.skidmore.cs226.lab11indiv.Redbox  - adding a movie
2021-12-08 18:37:50,971 [main] (Movie.java:102) INFO  edu.skidmore.cs226.lab11indiv.Movie  - Movie constructor
2021-12-08 18:37:50,971 [main] (Redbox.java:99) INFO  edu.skidmore.cs226.lab11indiv.Redbox  - Adding attributed to movie
2021-12-08 18:37:50,971 [main] (Redbox.java:105) INFO  edu.skidmore.cs226.lab11indiv.Redbox  - Adding movie to the array
2021-12-08 18:37:50,971 [main] (Redbox.java:97) INFO  edu.skidmore.cs226.lab11indiv.Redbox  - adding a movie
2021-12-08 18:37:50,972 [main] (Movie.java:102) INFO  edu.skidmore.cs226.lab11indiv.Movie  - Movie constructor
2021-12-08 18:37:50,972 [main] (Redbox.java:99) INFO  edu.skidmore.cs226.lab11indiv.Redbox  - Adding attributed to movie
2021-12-08 18:37:50,972 [main] (Redbox.java:105) INFO  edu.skidmore.cs226.lab11indiv.Redbox  - Adding movie to the array
2021-12-08 18:37:50,972 [main] (Redbox.java:97) INFO  edu.skidmore.cs226.lab11indiv.Redbox  - adding a movie
2021-12-08 18:37:50,972 [main] (Movie.java:102) INFO  edu.skidmore.cs226.lab11indiv.Movie  - Movie constructor
2021-12-08 18:37:50,972 [main] (Redbox.java:99) INFO  edu.skidmore.cs226.lab11indiv.Redbox  - Adding attributed to movie
2021-12-08 18:37:50,972 [main] (Redbox.java:105) INFO  edu.skidmore.cs226.lab11indiv.Redbox  - Adding movie to the array
2021-12-08 18:37:50,972 [main] (Redbox.java:97) INFO  edu.skidmore.cs226.lab11indiv.Redbox  - adding a movie
2021-12-08 18:37:50,972 [main] (Movie.java:102) INFO  edu.skidmore.cs226.lab11indiv.Movie  - Movie constructor
2021-12-08 18:37:50,972 [main] (Redbox.java:99) INFO  edu.skidmore.cs226.lab11indiv.Redbox  - Adding attributed to movie
2021-12-08 18:37:50,972 [main] (Redbox.java:105) INFO  edu.skidmore.cs226.lab11indiv.Redbox  - Adding movie to the array
2021-12-08 18:37:50,972 [main] (Redbox.java:97) INFO  edu.skidmore.cs226.lab11indiv.Redbox  - adding a movie
2021-12-08 18:37:50,972 [main] (Movie.java:102) INFO  edu.skidmore.cs226.lab11indiv.Movie  - Movie constructor
2021-12-08 18:37:50,972 [main] (Redbox.java:99) INFO  edu.skidmore.cs226.lab11indiv.Redbox  - Adding attributed to movie
2021-12-08 18:37:50,972 [main] (Redbox.java:105) INFO  edu.skidmore.cs226.lab11indiv.Redbox  - Adding movie to the array
2021-12-08 18:37:50,973 [main] (Redbox.java:116) INFO  edu.skidmore.cs226.lab11indiv.Redbox  - trying to close the reader
2021-12-08 18:37:50,973 [main] (Redbox.java:190) INFO  edu.skidmore.cs226.lab11indiv.Redbox  - Showing list of options
2021-12-08 18:37:50,973 [main] (Redbox.java:164) INFO  edu.skidmore.cs226.lab11indiv.Redbox  - getting user menu choice
2021-12-08 18:37:52,960 [main] (Redbox.java:168) INFO  edu.skidmore.cs226.lab11indiv.Redbox  - returning the users choice
2021-12-08 18:37:52,964 [main] (Redbox.java:303) INFO  edu.skidmore.cs226.lab11indiv.Redbox  - Showing list of movies
2021-12-08 18:37:52,964 [main] (Movie.java:161) INFO  edu.skidmore.cs226.lab11indiv.Movie  - returning the information about the movie
2021-12-08 18:37:52,964 [main] (Redbox.java:180) INFO  edu.skidmore.cs226.lab11indiv.Redbox  - returning movie Film title: Pirates, Director:    John D, Running Time:    65 minutes, Year of Release:    May, Due Date:    September 10
2021-12-08 18:37:52,964 [main] (Movie.java:161) INFO  edu.skidmore.cs226.lab11indiv.Movie  - returning the information about the movie
2021-12-08 18:37:52,964 [main] (Movie.java:161) INFO  edu.skidmore.cs226.lab11indiv.Movie  - returning the information about the movie
2021-12-08 18:37:52,965 [main] (Redbox.java:180) INFO  edu.skidmore.cs226.lab11indiv.Redbox  - returning movie Film title: Pirates Returned, Director:    John D, Running Time:    68 minutes, Year of Release:    March, Due Date:    September 10
2021-12-08 18:37:52,965 [main] (Movie.java:161) INFO  edu.skidmore.cs226.lab11indiv.Movie  - returning the information about the movie
2021-12-08 18:37:52,965 [main] (Movie.java:161) INFO  edu.skidmore.cs226.lab11indiv.Movie  - returning the information about the movie
2021-12-08 18:37:52,965 [main] (Redbox.java:180) INFO  edu.skidmore.cs226.lab11indiv.Redbox  - returning movie Film title: Medieval Times, Director:    Bran S, Running Time:    34 minutes, Year of Release:    July, Due Date:    April 24
2021-12-08 18:37:52,965 [main] (Movie.java:161) INFO  edu.skidmore.cs226.lab11indiv.Movie  - returning the information about the movie
2021-12-08 18:37:52,970 [main] (Movie.java:161) INFO  edu.skidmore.cs226.lab11indiv.Movie  - returning the information about the movie
2021-12-08 18:37:52,970 [main] (Redbox.java:180) INFO  edu.skidmore.cs226.lab11indiv.Redbox  - returning movie Film title: Star Wars One, Director:    George L, Running Time:    240 minutes, Year of Release:   November, Due Date:    September 10
2021-12-08 18:37:52,970 [main] (Movie.java:161) INFO  edu.skidmore.cs226.lab11indiv.Movie  - returning the information about the movie
2021-12-08 18:37:52,970 [main] (Movie.java:161) INFO  edu.skidmore.cs226.lab11indiv.Movie  - returning the information about the movie
2021-12-08 18:37:52,971 [main] (Redbox.java:180) INFO  edu.skidmore.cs226.lab11indiv.Redbox  - returning movie Film title: Star Wars Two, Director:    George L, Running Time:    230 minutes, Year of Release:    February, Due Date:    September 10
2021-12-08 18:37:52,971 [main] (Movie.java:161) INFO  edu.skidmore.cs226.lab11indiv.Movie  - returning the information about the movie
2021-12-08 18:37:52,971 [main] (Movie.java:161) INFO  edu.skidmore.cs226.lab11indiv.Movie  - returning the information about the movie
2021-12-08 18:37:52,971 [main] (Redbox.java:180) INFO  edu.skidmore.cs226.lab11indiv.Redbox  - returning movie Film title: Wall-E, Director:    Brad P, Running Time:    200 minutes, Year of Release:    January, Due Date:   August
2021-12-08 18:37:52,971 [main] (Movie.java:161) INFO  edu.skidmore.cs226.lab11indiv.Movie  - returning the information about the movie
2021-12-08 18:37:52,972 [main] (Movie.java:161) INFO  edu.skidmore.cs226.lab11indiv.Movie  - returning the information about the movie
2021-12-08 18:37:52,972 [main] (Redbox.java:180) INFO  edu.skidmore.cs226.lab11indiv.Redbox  - returning movie Film title: Space Fighter, Director:    Grace W, Running Time:    76 minutes, Year of Release:    April, Due Date:    August 5
2021-12-08 18:37:52,973 [main] (Movie.java:161) INFO  edu.skidmore.cs226.lab11indiv.Movie  - returning the information about the movie
2021-12-08 18:37:52,973 [main] (Movie.java:161) INFO  edu.skidmore.cs226.lab11indiv.Movie  - returning the information about the movie
2021-12-08 18:37:52,974 [main] (Redbox.java:180) INFO  edu.skidmore.cs226.lab11indiv.Redbox  - returning movie Film title: Air Force One, Director:    Jone J, Running Time:    90 minutes, Year of Release:    September, Due Date:    June 30
2021-12-08 18:37:52,974 [main] (Movie.java:161) INFO  edu.skidmore.cs226.lab11indiv.Movie  - returning the information about the movie
2021-12-08 18:37:52,975 [main] (Movie.java:161) INFO  edu.skidmore.cs226.lab11indiv.Movie  - returning the information about the movie
2021-12-08 18:37:52,975 [main] (Redbox.java:180) INFO  edu.skidmore.cs226.lab11indiv.Redbox  - returning movie Film title: Observer, Director:    Jenny P, Running Time:    100 minutes, Year of Release:    October, Due Date:    April 20
2021-12-08 18:37:52,975 [main] (Movie.java:161) INFO  edu.skidmore.cs226.lab11indiv.Movie  - returning the information about the movie
2021-12-08 18:37:52,975 [main] (Movie.java:161) INFO  edu.skidmore.cs226.lab11indiv.Movie  - returning the information about the movie
2021-12-08 18:37:52,975 [main] (Redbox.java:180) INFO  edu.skidmore.cs226.lab11indiv.Redbox  - returning movie Film title: Movie Maker, Director:    Claire R, Running Time:    154 minutes, Year of Release:    December, Due Date:    March 13
2021-12-08 18:37:52,975 [main] (Movie.java:161) INFO  edu.skidmore.cs226.lab11indiv.Movie  - returning the information about the movie
2021-12-08 18:37:52,975 [main] (Redbox.java:190) INFO  edu.skidmore.cs226.lab11indiv.Redbox  - Showing list of options
2021-12-08 18:37:52,975 [main] (Redbox.java:164) INFO  edu.skidmore.cs226.lab11indiv.Redbox  - getting user menu choice
2021-12-08 18:37:55,933 [main] (Redbox.java:168) INFO  edu.skidmore.cs226.lab11indiv.Redbox  - returning the users choice
2021-12-08 18:37:55,939 [main] (Redbox.java:307) INFO  edu.skidmore.cs226.lab11indiv.Redbox  - borrowing a movie
2021-12-08 18:37:55,942 [main] (Redbox.java:207) INFO  edu.skidmore.cs226.lab11indiv.Redbox  - getting the movie
2021-12-08 18:38:00,970 [main] (Redbox.java:210) INFO  edu.skidmore.cs226.lab11indiv.Redbox  - setting the due date
2021-12-08 18:38:03,849 [main] (Redbox.java:190) INFO  edu.skidmore.cs226.lab11indiv.Redbox  - Showing list of options
2021-12-08 18:38:03,849 [main] (Redbox.java:164) INFO  edu.skidmore.cs226.lab11indiv.Redbox  - getting user menu choice
2021-12-08 18:38:06,587 [main] (Redbox.java:168) INFO  edu.skidmore.cs226.lab11indiv.Redbox  - returning the users choice
2021-12-08 18:38:06,588 [main] (Redbox.java:324) INFO  edu.skidmore.cs226.lab11indiv.Redbox  - writing data to the file
2021-12-08 18:38:06,590 [main] (Redbox.java:149) INFO  edu.skidmore.cs226.lab11indiv.Redbox  - trying to close the writer
2021-12-08 18:38:06,591 [main] (Redbox.java:326) INFO  edu.skidmore.cs226.lab11indiv.Redbox  - Exiting program
